<?xml version="1.0" encoding="UTF-8"?>
<testng-results ignored="0" total="1" passed="1" failed="0" skipped="0">
  <reporter-output>
  </reporter-output>
  <suite started-at="2024-07-19T17:15:27 IST" name="Suite" finished-at="2024-07-19T17:15:41 IST" duration-ms="14361">
    <groups>
    </groups>
    <test started-at="2024-07-19T17:15:27 IST" name="Test" finished-at="2024-07-19T17:15:41 IST" duration-ms="14361">
      <class name="com.hha.Testcases.Amazon_EndToEnd_Tc">
        <test-method is-config="true" signature="setUp()[pri:0, instance:com.hha.Testcases.Amazon_EndToEnd_Tc@34a3d150]" started-at="2024-07-19T17:15:27 IST" name="setUp" finished-at="2024-07-19T17:15:31 IST" duration-ms="3595" status="PASS">
          <reporter-output>
          </reporter-output>
        </test-method> <!-- setUp -->
        <test-method signature="test1()[pri:0, instance:com.hha.Testcases.Amazon_EndToEnd_Tc@34a3d150]" started-at="2024-07-19T17:15:31 IST" name="test1" finished-at="2024-07-19T17:15:41 IST" duration-ms="10710" status="PASS">
          <reporter-output>
          </reporter-output>
        </test-method> <!-- test1 -->
        <test-method is-config="true" signature="tearDown()[pri:0, instance:com.hha.Testcases.Amazon_EndToEnd_Tc@34a3d150]" started-at="2024-07-19T17:15:41 IST" name="tearDown" finished-at="2024-07-19T17:15:41 IST" duration-ms="0" status="PASS">
          <reporter-output>
          </reporter-output>
        </test-method> <!-- tearDown -->
      </class> <!-- com.hha.Testcases.Amazon_EndToEnd_Tc -->
    </test> <!-- Test -->
  </suite> <!-- Suite -->
</testng-results>
