<?xml version="1.0" encoding="UTF-8"?>
<testng-results ignored="0" total="1" passed="1" failed="0" skipped="0">
  <reporter-output>
  </reporter-output>
  <suite started-at="2024-07-21T09:21:12 IST" name="Default suite" finished-at="2024-07-21T09:21:19 IST" duration-ms="7045">
    <groups>
    </groups>
    <test started-at="2024-07-21T09:21:12 IST" name="Default test" finished-at="2024-07-21T09:21:19 IST" duration-ms="7045">
      <class name="com.hha.Testcases.DatabaseTest">
        <test-method is-config="true" signature="setUp()[pri:0, instance:com.hha.Testcases.DatabaseTest@7cc0cdad]" started-at="2024-07-21T09:21:12 IST" name="setUp" finished-at="2024-07-21T09:21:16 IST" duration-ms="4409" status="PASS">
          <reporter-output>
          </reporter-output>
        </test-method> <!-- setUp -->
        <test-method signature="test1()[pri:0, instance:com.hha.Testcases.DatabaseTest@7cc0cdad]" started-at="2024-07-21T09:21:16 IST" name="test1" finished-at="2024-07-21T09:21:19 IST" duration-ms="2559" status="PASS">
          <reporter-output>
          </reporter-output>
        </test-method> <!-- test1 -->
        <test-method is-config="true" signature="tearDown()[pri:0, instance:com.hha.Testcases.DatabaseTest@7cc0cdad]" started-at="2024-07-21T09:21:19 IST" name="tearDown" finished-at="2024-07-21T09:21:19 IST" duration-ms="1" status="PASS">
          <reporter-output>
          </reporter-output>
        </test-method> <!-- tearDown -->
      </class> <!-- com.hha.Testcases.DatabaseTest -->
    </test> <!-- Default test -->
  </suite> <!-- Default suite -->
</testng-results>
